ERROR - 2023-03-16 23:17:46 --> mysqli_sql_exception: Table 'pertemuan1.users' doesn't exist in C:\Users\rdwit\Downloads\codeigniter4-framework-v4.2.10-0-g6ffad15\codeigniter4-framework-6ffad15\system\Database\MySQLi\Connection.php:292
Stack trace:
#0 C:\Users\rdwit\Downloads\codeigniter4-framework-v4.2.10-0-g6ffad15\codeigniter4-framework-6ffad15\system\Database\MySQLi\Connection.php(292): mysqli->query('SELECT 1\nFROM `...', 0)
#1 C:\Users\rdwit\Downloads\codeigniter4-framework-v4.2.10-0-g6ffad15\codeigniter4-framework-6ffad15\system\Database\BaseConnection.php(666): CodeIgniter\Database\MySQLi\Connection->execute('SELECT 1\nFROM `...')
#2 C:\Users\rdwit\Downloads\codeigniter4-framework-v4.2.10-0-g6ffad15\codeigniter4-framework-6ffad15\system\Database\BaseConnection.php(593): CodeIgniter\Database\BaseConnection->simpleQuery('SELECT 1\nFROM `...')
#3 C:\Users\rdwit\Downloads\codeigniter4-framework-v4.2.10-0-g6ffad15\codeigniter4-framework-6ffad15\system\Database\BaseBuilder.php(1585): CodeIgniter\Database\BaseConnection->query('SELECT 1\nFROM `...', Array, false)
#4 C:\Users\rdwit\Downloads\codeigniter4-framework-v4.2.10-0-g6ffad15\codeigniter4-framework-6ffad15\system\Validation\Rules.php(142): CodeIgniter\Database\BaseBuilder->get()
#5 C:\Users\rdwit\Downloads\codeigniter4-framework-v4.2.10-0-g6ffad15\codeigniter4-framework-6ffad15\system\Validation\Validation.php(315): CodeIgniter\Validation\Rules->is_unique('muhammadrizkyha...', 'user_email', Array, NULL, 'email')
#6 C:\Users\rdwit\Downloads\codeigniter4-framework-v4.2.10-0-g6ffad15\codeigniter4-framework-6ffad15\system\Validation\Validation.php(175): CodeIgniter\Validation\Validation->processRules('email', 'email', 'muhammadrizkyha...', Array, Array)
#7 C:\Users\rdwit\Downloads\codeigniter4-framework-v4.2.10-0-g6ffad15\codeigniter4-framework-6ffad15\system\Controller.php(140): CodeIgniter\Validation\Validation->run()
#8 C:\Users\rdwit\Downloads\codeigniter4-framework-v4.2.10-0-g6ffad15\codeigniter4-framework-6ffad15\app\Controllers\Register.php(28): CodeIgniter\Controller->validate(Array)
#9 C:\Users\rdwit\Downloads\codeigniter4-framework-v4.2.10-0-g6ffad15\codeigniter4-framework-6ffad15\system\CodeIgniter.php(927): App\Controllers\Register->save()
#10 C:\Users\rdwit\Downloads\codeigniter4-framework-v4.2.10-0-g6ffad15\codeigniter4-framework-6ffad15\system\CodeIgniter.php(482): CodeIgniter\CodeIgniter->runController(Object(App\Controllers\Register))
#11 C:\Users\rdwit\Downloads\codeigniter4-framework-v4.2.10-0-g6ffad15\codeigniter4-framework-6ffad15\system\CodeIgniter.php(351): CodeIgniter\CodeIgniter->handleRequest(NULL, Object(Config\Cache), false)
#12 C:\Users\rdwit\Downloads\codeigniter4-framework-v4.2.10-0-g6ffad15\codeigniter4-framework-6ffad15\public\index.php(67): CodeIgniter\CodeIgniter->run()
#13 C:\Users\rdwit\Downloads\codeigniter4-framework-v4.2.10-0-g6ffad15\codeigniter4-framework-6ffad15\system\Commands\Server\rewrite.php(46): require_once('C:\\Users\\rdwit\\...')
#14 {main}
CRITICAL - 2023-03-16 23:17:46 --> Table 'pertemuan1.users' doesn't exist
in SYSTEMPATH\Database\MySQLi\Connection.php on line 292.
 1 SYSTEMPATH\Database\MySQLi\Connection.php(292): mysqli->query('SELECT 1
FROM `users`
WHERE `user_email` = \'muhammadrizkyhartanto@yahoo.com\'
 LIMIT 1', 0)
 2 SYSTEMPATH\Database\BaseConnection.php(666): CodeIgniter\Database\MySQLi\Connection->execute('SELECT 1
FROM `users`
WHERE `user_email` = \'muhammadrizkyhartanto@yahoo.com\'
 LIMIT 1')
 3 SYSTEMPATH\Database\BaseConnection.php(593): CodeIgniter\Database\BaseConnection->simpleQuery('SELECT 1
FROM `users`
WHERE `user_email` = \'muhammadrizkyhartanto@yahoo.com\'
 LIMIT 1')
 4 SYSTEMPATH\Database\BaseBuilder.php(1585): CodeIgniter\Database\BaseConnection->query('SELECT 1
FROM `users`
WHERE `user_email` = :user_email:
 LIMIT 1', [...], false)
 5 SYSTEMPATH\Validation\Rules.php(142): CodeIgniter\Database\BaseBuilder->get()
 6 SYSTEMPATH\Validation\Validation.php(315): CodeIgniter\Validation\Rules->is_unique('muhammadrizkyhartanto@yahoo.com', 'user_email', [...], null, 'email')
 7 SYSTEMPATH\Validation\Validation.php(175): CodeIgniter\Validation\Validation->processRules('email', 'email', 'muhammadrizkyhartanto@yahoo.com', [...], [...])
 8 SYSTEMPATH\Controller.php(140): CodeIgniter\Validation\Validation->run()
 9 APPPATH\Controllers\Register.php(28): CodeIgniter\Controller->validate([...])
10 SYSTEMPATH\CodeIgniter.php(927): App\Controllers\Register->save()
11 SYSTEMPATH\CodeIgniter.php(482): CodeIgniter\CodeIgniter->runController(Object(App\Controllers\Register))
12 SYSTEMPATH\CodeIgniter.php(351): CodeIgniter\CodeIgniter->handleRequest(null, Object(Config\Cache), false)
13 FCPATH\index.php(67): CodeIgniter\CodeIgniter->run()
14 SYSTEMPATH\Commands\Server\rewrite.php(46): require_once('FCPATH\\index.php')
